<?xml version="1.0" encoding="UTF-8"?>
<!-- Generated by org.testng.reporters.JUnitReportReporter -->
<testsuite skipped="0" hostname="DESKTOP-O544DRQ" name="com.app.scripts.TC001_LoginScripts" tests="1" failures="0" timestamp="2021-07-07T20:08:09 IST" time="15.368" errors="0">
  <testcase name="LoginPositiveTest" time="15.368" classname="com.app.scripts.TC001_LoginScripts"/>
  <system-out/>
</testsuite> <!-- com.app.scripts.TC001_LoginScripts -->
