<?xml version="1.0" encoding="UTF-8"?>
<!-- Generated by org.testng.reporters.JUnitReportReporter -->
<testsuite skipped="0" hostname="DESKTOP-O544DRQ" name="com.app.scripts.TC001_Positive_LoginScript" tests="1" failures="0" timestamp="2021-07-20T23:52:35 IST" time="9.372" errors="0">
  <testcase name="LoginPositiveTest" time="9.372" classname="com.app.scripts.TC001_Positive_LoginScript"/>
  <system-out/>
</testsuite> <!-- com.app.scripts.TC001_Positive_LoginScript -->
