<?xml version="1.0" encoding="UTF-8"?>
<!-- Generated by org.testng.reporters.JUnitReportReporter -->
<testsuite skipped="0" hostname="DESKTOP-O544DRQ" name="com.app.scripts.TC002_Negative_LoginScripts" tests="1" failures="0" timestamp="2021-07-07T20:33:51 IST" time="5.088" errors="0">
  <testcase name="LoginPositiveTest" time="5.088" classname="com.app.scripts.TC002_Negative_LoginScripts"/>
  <system-out/>
</testsuite> <!-- com.app.scripts.TC002_Negative_LoginScripts -->
