<?xml version="1.0" encoding="UTF-8"?>
<!-- Generated by org.testng.reporters.JUnitReportReporter -->
<testsuite skipped="0" hostname="DESKTOP-O544DRQ" name="com.app.utils.ExtentReport" tests="1" failures="0" timestamp="2021-07-19T01:25:03 IST" time="0.419" errors="0">
  <testcase name="extentReportTest" time="0.419" classname="com.app.utils.ExtentReport"/>
  <system-out/>
</testsuite> <!-- com.app.utils.ExtentReport -->
