<?xml version="1.0" encoding="UTF-8"?>
<!-- Generated by org.testng.reporters.JUnitReportReporter -->
<testsuite skipped="0" hostname="DESKTOP-O544DRQ" name="com.app.scripts.TC003_ForgotPasswordScript" tests="1" failures="0" timestamp="2021-07-20T23:37:28 IST" time="6.422" errors="0">
  <testcase name="ForgotPasswordTest" time="6.422" classname="com.app.scripts.TC003_ForgotPasswordScript"/>
  <system-out/>
</testsuite> <!-- com.app.scripts.TC003_ForgotPasswordScript -->
