<?xml version="1.0" encoding="UTF-8"?>
<!-- Generated by org.testng.reporters.JUnitReportReporter -->
<testsuite skipped="0" hostname="DESKTOP-O544DRQ" name="com.app.scripts.TC002_Negative_LoginScript" tests="1" failures="0" timestamp="2021-07-07T21:22:43 IST" time="3.926" errors="0">
  <testcase name="LoginNegativeTest" time="3.926" classname="com.app.scripts.TC002_Negative_LoginScript"/>
  <system-out/>
</testsuite> <!-- com.app.scripts.TC002_Negative_LoginScript -->
