<?xml version="1.0" encoding="UTF-8"?>
<!-- Generated by org.testng.reporters.JUnitReportReporter -->
<testsuite skipped="0" hostname="DESKTOP-O544DRQ" name="com.app.scripts.TC001_Positive_LoginScript" tests="1" failures="0" timestamp="2021-07-07T21:22:43 IST" time="11.799" errors="0">
  <testcase name="LoginPositiveTest" time="11.799" classname="com.app.scripts.TC001_Positive_LoginScript"/>
  <system-out/>
</testsuite> <!-- com.app.scripts.TC001_Positive_LoginScript -->
