<?xml version="1.0" encoding="UTF-8"?>
<!-- Generated by org.testng.reporters.JUnitReportReporter -->
<testsuite skipped="0" hostname="DESKTOP-O544DRQ" name="com.app.scripts.TC003_ForgotPasswordScript" tests="1" failures="0" timestamp="2021-07-07T21:22:43 IST" time="4.064" errors="0">
  <testcase name="ForgotPasswordTest" time="4.064" classname="com.app.scripts.TC003_ForgotPasswordScript"/>
  <system-out/>
</testsuite> <!-- com.app.scripts.TC003_ForgotPasswordScript -->
